Arguments: 
  /home/acidcrash/.nvm/versions/node/v12.16.0/bin/node /usr/share/yarn/bin/yarn.js

PATH: 
  /home/acidcrash/.nvm/versions/node/v12.16.0/bin:/home/acidcrash/Projects/lectrum-typescript-tasks/node_modules/.bin:/usr/local/bin:/usr/bin:/bin:/usr/local/games:/usr/games

Yarn version: 
  1.21.1

Node version: 
  12.16.0

Platform: 
  linux x64

Trace: 
  Error: http://npm.ginsp.net/typescript/-/typescript-3.8.3.tgz: Request failed "403 Forbidden"
      at ResponseError.ExtendableBuiltin (/usr/share/yarn/lib/cli.js:696:66)
      at new ResponseError (/usr/share/yarn/lib/cli.js:802:124)
      at Request.<anonymous> (/usr/share/yarn/lib/cli.js:67017:16)
      at Request.emit (events.js:321:20)
      at Request.module.exports.Request.onRequestResponse (/usr/share/yarn/lib/cli.js:141542:10)
      at ClientRequest.emit (events.js:321:20)
      at HTTPParser.parserOnIncomingClient [as onIncoming] (_http_client.js:603:27)
      at HTTPParser.parserOnHeadersComplete (_http_common.js:119:17)
      at Socket.socketOnData (_http_client.js:476:22)
      at Socket.emit (events.js:321:20)

npm manifest: 
  {
    "name": "Lectrum_Typescript",
    "version": "1.0.0",
    "main": "index.js",
    "license": "MIT",
    "scripts": {
      "start": "yarn compile && yarn execute",
      "compile": "tsc ./src/currency.ts",
      "execute": "node ./src/index.js"
    },
    "dependencies": {},
    "devDependencies": {
      "prettier": "^1.19.1",
      "typescript": "^3.8.2"
    }
  }

yarn manifest: 
  No manifest

Lockfile: 
  # THIS IS AN AUTOGENERATED FILE. DO NOT EDIT THIS FILE DIRECTLY.
  # yarn lockfile v1
  
  
  prettier@^1.19.1:
    version "1.19.1"
    resolved "http://npm.ginsp.net/prettier/-/prettier-1.19.1.tgz#f7d7f5ff8a9cd872a7be4ca142095956a60797cb"
    integrity sha512-s7PoyDv/II1ObgQunCbB9PdLmUcBZcnWOcxDh7O0N/UwDEsHyqkW+Qh28jW+mVuCdx7gLB0BotYI1Y6uI9iyew==
  
  typescript@^3.8.2:
    version "3.8.3"
    resolved "http://npm.ginsp.net/typescript/-/typescript-3.8.3.tgz#409eb8544ea0335711205869ec458ab109ee1061"
    integrity sha512-MYlEfn5VrLNsgudQTVJeNaQFUAI7DkhnOjdpAp4T+ku1TfQClewlbSuTVHiA+8skNBgaf02TL/kLOvig4y3G8w==
